<?xml version="1.0" encoding="UTF-8"?>
<testsuite name="ru.stqa.pft.sandbox.PointTests" tests="3" skipped="0" failures="0" errors="0" timestamp="2021-02-02T10:44:14" hostname="62-000171" time="0.024">
  <properties/>
  <testcase name="testDistanceDifLine" classname="ru.stqa.pft.sandbox.PointTests" time="0.012"/>
  <testcase name="testDistanceOneLine" classname="ru.stqa.pft.sandbox.PointTests" time="0.0"/>
  <testcase name="testDistanceZero" classname="ru.stqa.pft.sandbox.PointTests" time="0.001"/>
  <system-out><![CDATA[]]></system-out>
  <system-err><![CDATA[]]></system-err>
</testsuite>
