<?xml version="1.0" encoding="UTF-8"?>
<testsuite name="ru.stqf.pft.addressbook.tests.GroupCreationTests" tests="4" skipped="0" failures="0" errors="0" timestamp="2021-03-15T17:50:54" hostname="62-000171" time="11.484">
  <properties/>
  <testcase name="testGroupCreation[0](GroupData{id='0', name='test 0'})" classname="ru.stqf.pft.addressbook.tests.GroupCreationTests" time="3.966"/>
  <testcase name="testGroupCreation[1](GroupData{id='0', name='test 1'})" classname="ru.stqf.pft.addressbook.tests.GroupCreationTests" time="2.717"/>
  <testcase name="testGroupCreation[2](GroupData{id='0', name='test 2'})" classname="ru.stqf.pft.addressbook.tests.GroupCreationTests" time="2.357"/>
  <testcase name="testGroupCreation[3](GroupData{id='0', name='test 3'})" classname="ru.stqf.pft.addressbook.tests.GroupCreationTests" time="2.44"/>
  <system-out><![CDATA[]]></system-out>
  <system-err><![CDATA[]]></system-err>
</testsuite>
