<?xml version="1.0" encoding="UTF-8"?>
<testsuite name="ru.stqf.pft.addressbook.tests.GroupModificationTests" tests="1" skipped="0" failures="0" errors="0" timestamp="2021-03-15T17:51:06" hostname="62-000171" time="1.749">
  <properties/>
  <testcase name="testGroupModification" classname="ru.stqf.pft.addressbook.tests.GroupModificationTests" time="1.749"/>
  <system-out><![CDATA[]]></system-out>
  <system-err><![CDATA[]]></system-err>
</testsuite>
