<?xml version="1.0" encoding="UTF-8"?>
<testsuite name="ru.stqf.pft.addressbook.tests.ContactModificationTests" tests="1" skipped="0" failures="0" errors="0" timestamp="2021-03-15T17:51:29" hostname="62-000171" time="6.451">
  <properties/>
  <testcase name="testContactModification" classname="ru.stqf.pft.addressbook.tests.ContactModificationTests" time="6.451"/>
  <system-out><![CDATA[]]></system-out>
  <system-err><![CDATA[]]></system-err>
</testsuite>
