<?xml version="1.0" encoding="UTF-8"?>
<testsuite name="ru.stqa.pft.matis.tests.LoginTests" tests="1" skipped="0" failures="0" errors="0" timestamp="2021-03-29T16:27:56" hostname="62-000171" time="3.12">
  <properties/>
  <testcase name="testLogin" classname="ru.stqa.pft.matis.tests.LoginTests" time="3.12"/>
  <system-out><![CDATA[]]></system-out>
  <system-err><![CDATA[]]></system-err>
</testsuite>
