<?xml version="1.0" encoding="UTF-8"?>
<testsuite name="ru.stqa.pft.matis.tests.ResetPasswordTest" tests="1" skipped="0" failures="0" errors="0" timestamp="2021-03-23T10:03:34" hostname="62-000171" time="19.216">
  <properties/>
  <testcase name="testReset" classname="ru.stqa.pft.matis.tests.ResetPasswordTest" time="19.216"/>
  <system-out><![CDATA[13:03:34.399 [org.subethamail.smtp.server.ServerThread *:25] INFO  o.s.smtp.server.ServerThread - SMTP server *:25 started
13:03:44.385 [org.subethamail.smtp.server.Session-/0:0:0:0:0:0:0:1:49161] DEBUG org.subethamail.smtp.server.Session - SMTP connection from 0:0:0:0:0:0:0:1/0:0:0:0:0:0:0:1, new connection count: 1
13:03:44.385 [org.subethamail.smtp.server.Session-/0:0:0:0:0:0:0:1:49161] DEBUG org.subethamail.smtp.server.Session - Server: 220 62-000171.msk.i-teco.ru ESMTP SubEthaSMTP 3.1.7
13:03:44.386 [org.subethamail.smtp.server.Session-/0:0:0:0:0:0:0:1:49161] DEBUG org.subethamail.smtp.server.Session - Client: EHLO localhost
13:03:44.386 [org.subethamail.smtp.server.Session-/0:0:0:0:0:0:0:1:49161] DEBUG org.subethamail.smtp.server.Session - Server: 250-62-000171.msk.i-teco.ru
250-8BITMIME
250 Ok
13:03:44.388 [org.subethamail.smtp.server.Session-/0:0:0:0:0:0:0:1:49161] DEBUG org.subethamail.smtp.server.Session - Client: MAIL FROM:<admin@example.com>
13:03:44.401 [org.subethamail.smtp.server.Session-/0:0:0:0:0:0:0:1:49161] DEBUG org.subethamail.smtp.server.Session - Server: 250 Ok
13:03:44.402 [org.subethamail.smtp.server.Session-/0:0:0:0:0:0:0:1:49161] DEBUG org.subethamail.smtp.server.Session - Client: RCPT TO:<user5@localhost.localdomain>
13:03:44.403 [org.subethamail.smtp.server.Session-/0:0:0:0:0:0:0:1:49161] DEBUG org.subethamail.wiser.Wiser - Accepting mail from admin@example.com to user5@localhost.localdomain
13:03:44.404 [org.subethamail.smtp.server.Session-/0:0:0:0:0:0:0:1:49161] DEBUG org.subethamail.smtp.server.Session - Server: 250 Ok
13:03:44.407 [org.subethamail.smtp.server.Session-/0:0:0:0:0:0:0:1:49161] DEBUG org.subethamail.smtp.server.Session - Client: DATA
13:03:44.407 [org.subethamail.smtp.server.Session-/0:0:0:0:0:0:0:1:49161] DEBUG org.subethamail.smtp.server.Session - Server: 354 End data with <CR><LF>.<CR><LF>
13:03:44.421 [org.subethamail.smtp.server.Session-/0:0:0:0:0:0:0:1:49161] DEBUG org.subethamail.wiser.Wiser - Delivering mail from admin@example.com to user5@localhost.localdomain
13:03:44.422 [org.subethamail.smtp.server.Session-/0:0:0:0:0:0:0:1:49161] DEBUG org.subethamail.wiser.Wiser - Creating message from data with 991 bytes
13:03:44.423 [org.subethamail.smtp.server.Session-/0:0:0:0:0:0:0:1:49161] DEBUG org.subethamail.smtp.server.Session - Server: 250 Ok
13:03:44.425 [org.subethamail.smtp.server.Session-/0:0:0:0:0:0:0:1:49161] DEBUG org.subethamail.smtp.server.Session - Client: RSET
13:03:44.426 [org.subethamail.smtp.server.Session-/0:0:0:0:0:0:0:1:49161] DEBUG org.subethamail.smtp.server.Session - Server: 250 Ok
13:03:44.513 [org.subethamail.smtp.server.Session-/0:0:0:0:0:0:0:1:49161] DEBUG org.subethamail.smtp.server.Session - Client: QUIT
13:03:44.513 [org.subethamail.smtp.server.Session-/0:0:0:0:0:0:0:1:49161] DEBUG org.subethamail.smtp.server.Session - Server: 221 Bye
]]></system-out>
  <system-err><![CDATA[Starting ChromeDriver 88.0.4324.96 (68dba2d8a0b149a1d3afac56fa74648032bcf46b-refs/branch-heads/4324@{#1784}) on port 38493
Only local connections are allowed.
Please see https://chromedriver.chromium.org/security-considerations for suggestions on keeping ChromeDriver safe.
ChromeDriver was started successfully.
[1616493816.597][WARNING]: This version of ChromeDriver has not been tested with Chrome version 89.
]]></system-err>
</testsuite>
