<?xml version="1.0" encoding="UTF-8"?>
<testsuite name="ru.stqa.pft.matis.tests.ResetPasswordTest" tests="1" skipped="0" failures="0" errors="0" timestamp="2021-03-30T09:11:04" hostname="62-000171" time="13.009">
  <properties/>
  <testcase name="testReset" classname="ru.stqa.pft.matis.tests.ResetPasswordTest" time="13.009"/>
  <system-out><![CDATA[12:11:04.464 [org.subethamail.smtp.server.ServerThread *:25] INFO  o.s.smtp.server.ServerThread - SMTP server *:25 started
12:11:04.527 [Test worker] DEBUG o.h.s.internal.StatisticsInitiator - Statistics initialized [enabled=false]
12:11:04.543 [Test worker] DEBUG o.h.e.t.internal.TransactionImpl - On TransactionImpl creation, JpaCompliance#isJpaTransactionComplianceEnabled == false
12:11:04.543 [Test worker] DEBUG o.h.e.t.internal.TransactionImpl - begin
12:11:04.558 [Test worker] DEBUG o.h.h.i.QueryTranslatorFactoryInitiator - QueryTranslatorFactory: org.hibernate.hql.internal.ast.ASTQueryTranslatorFactory@918e8fa
12:11:04.589 [Test worker] DEBUG o.h.h.i.ast.QueryTranslatorImpl - parse() - HQL: from ru.stqa.pft.model.UsersData where id <> 1
12:11:04.589 [Test worker] DEBUG o.h.hql.internal.ast.ErrorTracker - throwQueryException() : no errors
12:11:04.614 [Test worker] DEBUG o.h.h.i.ast.QueryTranslatorImpl - --- HQL AST ---
 \-[QUERY] Node: 'query'
    +-[SELECT_FROM] Node: 'SELECT_FROM'
    |  \-[FROM] Node: 'from'
    |     \-[RANGE] Node: 'RANGE'
    |        \-[DOT] Node: '.'
    |           +-[DOT] Node: '.'
    |           |  +-[DOT] Node: '.'
    |           |  |  +-[DOT] Node: '.'
    |           |  |  |  +-[IDENT] Node: 'ru'
    |           |  |  |  \-[IDENT] Node: 'stqa'
    |           |  |  \-[IDENT] Node: 'pft'
    |           |  \-[IDENT] Node: 'model'
    |           \-[IDENT] Node: 'UsersData'
    \-[WHERE] Node: 'where'
       \-[NE] Node: '<>'
          +-[IDENT] Node: 'id'
          \-[NUM_INT] Node: '1'

12:11:04.632 [Test worker] DEBUG o.h.h.i.antlr.HqlSqlBaseWalker - select << begin [level=1, statement=select]
12:11:04.648 [Test worker] DEBUG o.h.h.internal.ast.tree.FromElement - FromClause{level=1} : ru.stqa.pft.model.UsersData (<no alias>) -> usersdata0_
12:11:04.648 [Test worker] DEBUG o.h.h.i.ast.tree.FromReferenceNode - Resolved : {synthetic-alias} -> {synthetic-alias}
12:11:04.648 [Test worker] DEBUG o.h.hql.internal.ast.tree.DotNode - getDataType() : id -> org.hibernate.type.IntegerType@92a30bc
12:11:04.648 [Test worker] DEBUG o.h.h.i.ast.tree.FromReferenceNode - Resolved : {synthetic-alias}.id -> usersdata0_.id
12:11:04.664 [Test worker] DEBUG o.h.h.i.antlr.HqlSqlBaseWalker - select : finishing up [level=1, statement=select]
12:11:04.664 [Test worker] DEBUG o.h.hql.internal.ast.HqlSqlWalker - processQuery() :  ( SELECT ( FromClause{level=1} mantis_user_table usersdata0_ ) ( where ( <> ( usersdata0_.id {synthetic-alias} id ) 1 ) ) )
12:11:04.664 [Test worker] DEBUG o.h.hql.internal.ast.HqlSqlWalker - Derived SELECT clause created.
12:11:04.664 [Test worker] DEBUG o.h.h.i.ast.util.JoinProcessor - Tables referenced from query nodes:
 \-QueryNode
    +-SelectClause
    | referencedTables(entity UsersData): [mantis_user_table]
    |  +-SelectExpressionImpl
    |  | persister: SingleTableEntityPersister(ru.stqa.pft.model.UsersData)
    |  \-SqlFragment
    +-FromClause
    |  \-FromElement
    \-SqlNode
       \-BinaryLogicOperatorNode
          +-DotNode
          | persister: SingleTableEntityPersister(ru.stqa.pft.model.UsersData)
          | path: {synthetic-alias}.id
          |  +-IdentNode
          |  | persister: SingleTableEntityPersister(ru.stqa.pft.model.UsersData)
          |  | originalText: {synthetic-alias}
          |  \-IdentNode
          |    persister: null
          |    originalText: id
          \-LiteralNode

12:11:04.679 [Test worker] DEBUG o.h.h.i.ast.util.JoinProcessor - Using FROM fragment [mantis_user_table usersdata0_]
12:11:04.679 [Test worker] DEBUG o.h.h.i.antlr.HqlSqlBaseWalker - select >> end [level=1, statement=select]
12:11:04.679 [Test worker] DEBUG o.h.h.i.ast.QueryTranslatorImpl - --- SQL AST ---
 \-[SELECT] QueryNode: 'SELECT'  querySpaces (mantis_user_table)
    +-[SELECT_CLAUSE] SelectClause: '{derived select clause}'
    |  +-[SELECT_EXPR] SelectExpressionImpl: 'usersdata0_.id as id1_0_' {FromElement{explicit,not a collection join,not a fetch join,fetch non-lazy properties,classAlias=null,role=null,tableName=mantis_user_table,tableAlias=usersdata0_,origin=null,columns={,className=ru.stqa.pft.model.UsersData}}}
    |  \-[SQL_TOKEN] SqlFragment: 'usersdata0_.email as email2_0_, usersdata0_.realname as realname3_0_, usersdata0_.username as username4_0_'
    +-[FROM] FromClause: 'from' FromClause{level=1, fromElementCounter=1, fromElements=1, fromElementByClassAlias=[], fromElementByTableAlias=[usersdata0_], fromElementsByPath=[], collectionJoinFromElementsByPath=[], impliedElements=[]}
    |  \-[FROM_FRAGMENT] FromElement: 'mantis_user_table usersdata0_' FromElement{explicit,not a collection join,not a fetch join,fetch non-lazy properties,classAlias=null,role=null,tableName=mantis_user_table,tableAlias=usersdata0_,origin=null,columns={,className=ru.stqa.pft.model.UsersData}}
    \-[WHERE] SqlNode: 'where'
       \-[NE] BinaryLogicOperatorNode: '<>'
          +-[DOT] DotNode: 'usersdata0_.id' {propertyName=id,dereferenceType=PRIMITIVE,getPropertyPath=id,path={synthetic-alias}.id,tableAlias=usersdata0_,className=ru.stqa.pft.model.UsersData,classAlias=null}
          |  +-[IDENT] IdentNode: '{synthetic-alias}' {originalText={synthetic-alias}}
          |  \-[IDENT] IdentNode: 'id' {originalText=id}
          \-[NUM_INT] LiteralNode: '1'

12:11:04.679 [Test worker] DEBUG o.h.hql.internal.ast.ErrorTracker - throwQueryException() : no errors
12:11:04.695 [Test worker] DEBUG o.h.h.i.ast.QueryTranslatorImpl - HQL: from ru.stqa.pft.model.UsersData where id <> 1
12:11:04.695 [Test worker] DEBUG o.h.h.i.ast.QueryTranslatorImpl - SQL: select usersdata0_.id as id1_0_, usersdata0_.email as email2_0_, usersdata0_.realname as realname3_0_, usersdata0_.username as username4_0_ from mantis_user_table usersdata0_ where usersdata0_.id<>1
12:11:04.695 [Test worker] DEBUG o.h.hql.internal.ast.ErrorTracker - throwQueryException() : no errors
12:11:04.726 [Test worker] DEBUG org.hibernate.SQL - select usersdata0_.id as id1_0_, usersdata0_.email as email2_0_, usersdata0_.realname as realname3_0_, usersdata0_.username as username4_0_ from mantis_user_table usersdata0_ where usersdata0_.id<>1
Hibernate: select usersdata0_.id as id1_0_, usersdata0_.email as email2_0_, usersdata0_.realname as realname3_0_, usersdata0_.username as username4_0_ from mantis_user_table usersdata0_ where usersdata0_.id<>1
12:11:04.742 [Test worker] DEBUG org.hibernate.loader.Loader - Result set row: 0
12:11:04.742 [Test worker] DEBUG org.hibernate.loader.Loader - Result row: EntityKey[ru.stqa.pft.model.UsersData#7]
12:11:04.757 [Test worker] DEBUG org.hibernate.loader.Loader - Result set row: 1
12:11:04.757 [Test worker] DEBUG org.hibernate.loader.Loader - Result row: EntityKey[ru.stqa.pft.model.UsersData#8]
12:11:04.757 [Test worker] DEBUG org.hibernate.loader.Loader - Result set row: 2
12:11:04.757 [Test worker] DEBUG org.hibernate.loader.Loader - Result row: EntityKey[ru.stqa.pft.model.UsersData#9]
12:11:04.757 [Test worker] DEBUG o.h.engine.internal.TwoPhaseLoad - Resolving attributes for [ru.stqa.pft.model.UsersData#7]
12:11:04.757 [Test worker] DEBUG o.h.engine.internal.TwoPhaseLoad - Processing attribute `email` : value = root2@localhost
12:11:04.757 [Test worker] DEBUG o.h.engine.internal.TwoPhaseLoad - Attribute (`email`)  - enhanced for lazy-loading? - false
12:11:04.757 [Test worker] DEBUG o.h.engine.internal.TwoPhaseLoad - Processing attribute `realName` : value = 
12:11:04.757 [Test worker] DEBUG o.h.engine.internal.TwoPhaseLoad - Attribute (`realName`)  - enhanced for lazy-loading? - false
12:11:04.757 [Test worker] DEBUG o.h.engine.internal.TwoPhaseLoad - Processing attribute `userName` : value = admin
12:11:04.757 [Test worker] DEBUG o.h.engine.internal.TwoPhaseLoad - Attribute (`userName`)  - enhanced for lazy-loading? - false
12:11:04.757 [Test worker] DEBUG o.h.engine.internal.TwoPhaseLoad - Done materializing entity [ru.stqa.pft.model.UsersData#7]
12:11:04.757 [Test worker] DEBUG o.h.engine.internal.TwoPhaseLoad - Resolving attributes for [ru.stqa.pft.model.UsersData#8]
12:11:04.757 [Test worker] DEBUG o.h.engine.internal.TwoPhaseLoad - Processing attribute `email` : value = user5@localhost.localdomain
12:11:04.757 [Test worker] DEBUG o.h.engine.internal.TwoPhaseLoad - Attribute (`email`)  - enhanced for lazy-loading? - false
12:11:04.757 [Test worker] DEBUG o.h.engine.internal.TwoPhaseLoad - Processing attribute `realName` : value = 
12:11:04.757 [Test worker] DEBUG o.h.engine.internal.TwoPhaseLoad - Attribute (`realName`)  - enhanced for lazy-loading? - false
12:11:04.757 [Test worker] DEBUG o.h.engine.internal.TwoPhaseLoad - Processing attribute `userName` : value = user6
12:11:04.757 [Test worker] DEBUG o.h.engine.internal.TwoPhaseLoad - Attribute (`userName`)  - enhanced for lazy-loading? - false
12:11:04.757 [Test worker] DEBUG o.h.engine.internal.TwoPhaseLoad - Done materializing entity [ru.stqa.pft.model.UsersData#8]
12:11:04.757 [Test worker] DEBUG o.h.engine.internal.TwoPhaseLoad - Resolving attributes for [ru.stqa.pft.model.UsersData#9]
12:11:04.757 [Test worker] DEBUG o.h.engine.internal.TwoPhaseLoad - Processing attribute `email` : value = user7@localhost.localdomain
12:11:04.757 [Test worker] DEBUG o.h.engine.internal.TwoPhaseLoad - Attribute (`email`)  - enhanced for lazy-loading? - false
12:11:04.757 [Test worker] DEBUG o.h.engine.internal.TwoPhaseLoad - Processing attribute `realName` : value = 
12:11:04.757 [Test worker] DEBUG o.h.engine.internal.TwoPhaseLoad - Attribute (`realName`)  - enhanced for lazy-loading? - false
12:11:04.757 [Test worker] DEBUG o.h.engine.internal.TwoPhaseLoad - Processing attribute `userName` : value = administrator
12:11:04.773 [Test worker] DEBUG o.h.engine.internal.TwoPhaseLoad - Attribute (`userName`)  - enhanced for lazy-loading? - false
12:11:04.773 [Test worker] DEBUG o.h.engine.internal.TwoPhaseLoad - Done materializing entity [ru.stqa.pft.model.UsersData#9]
12:11:04.773 [Test worker] DEBUG o.h.e.t.internal.TransactionImpl - committing
12:11:04.773 [Test worker] DEBUG o.h.e.i.AbstractFlushingEventListener - Processing flush-time cascades
12:11:04.789 [Test worker] DEBUG o.h.e.i.AbstractFlushingEventListener - Dirty checking collections
12:11:04.789 [Test worker] DEBUG o.h.e.i.AbstractFlushingEventListener - Flushed: 0 insertions, 0 updates, 0 deletions to 3 objects
12:11:04.789 [Test worker] DEBUG o.h.e.i.AbstractFlushingEventListener - Flushed: 0 (re)creations, 0 updates, 0 removals to 0 collections
12:11:04.789 [Test worker] DEBUG o.h.internal.util.EntityPrinter - Listing entities:
12:11:04.789 [Test worker] DEBUG o.h.internal.util.EntityPrinter - ru.stqa.pft.model.UsersData{realName=, id=7, userName=admin, email=root2@localhost}
12:11:04.789 [Test worker] DEBUG o.h.internal.util.EntityPrinter - ru.stqa.pft.model.UsersData{realName=, id=8, userName=user6, email=user5@localhost.localdomain}
12:11:04.789 [Test worker] DEBUG o.h.internal.util.EntityPrinter - ru.stqa.pft.model.UsersData{realName=, id=9, userName=administrator, email=user7@localhost.localdomain}
12:11:04.804 [Test worker] DEBUG o.h.r.j.i.LogicalConnectionManagedImpl - Initiating JDBC connection release from afterTransaction
12:11:04.804 [Test worker] DEBUG o.h.r.j.i.LogicalConnectionManagedImpl - Initiating JDBC connection release from afterTransaction
12:11:13.985 [org.subethamail.smtp.server.Session-/0:0:0:0:0:0:0:1:51947] DEBUG org.subethamail.smtp.server.Session - SMTP connection from 0:0:0:0:0:0:0:1/0:0:0:0:0:0:0:1, new connection count: 1
12:11:13.985 [org.subethamail.smtp.server.Session-/0:0:0:0:0:0:0:1:51947] DEBUG org.subethamail.smtp.server.Session - Server: 220 62-000171.msk.i-teco.ru ESMTP SubEthaSMTP 3.1.7
12:11:13.987 [org.subethamail.smtp.server.Session-/0:0:0:0:0:0:0:1:51947] DEBUG org.subethamail.smtp.server.Session - Client: EHLO localhost
12:11:13.987 [org.subethamail.smtp.server.Session-/0:0:0:0:0:0:0:1:51947] DEBUG org.subethamail.smtp.server.Session - Server: 250-62-000171.msk.i-teco.ru
250-8BITMIME
250 Ok
12:11:13.988 [org.subethamail.smtp.server.Session-/0:0:0:0:0:0:0:1:51947] DEBUG org.subethamail.smtp.server.Session - Client: MAIL FROM:<admin@example.com>
12:11:13.998 [org.subethamail.smtp.server.Session-/0:0:0:0:0:0:0:1:51947] DEBUG org.subethamail.smtp.server.Session - Server: 250 Ok
12:11:13.999 [org.subethamail.smtp.server.Session-/0:0:0:0:0:0:0:1:51947] DEBUG org.subethamail.smtp.server.Session - Client: RCPT TO:<root2@localhost>
12:11:13.999 [org.subethamail.smtp.server.Session-/0:0:0:0:0:0:0:1:51947] DEBUG org.subethamail.wiser.Wiser - Accepting mail from admin@example.com to root2@localhost
12:11:13.999 [org.subethamail.smtp.server.Session-/0:0:0:0:0:0:0:1:51947] DEBUG org.subethamail.smtp.server.Session - Server: 250 Ok
12:11:14.000 [org.subethamail.smtp.server.Session-/0:0:0:0:0:0:0:1:51947] DEBUG org.subethamail.smtp.server.Session - Client: DATA
12:11:14.001 [org.subethamail.smtp.server.Session-/0:0:0:0:0:0:0:1:51947] DEBUG org.subethamail.smtp.server.Session - Server: 354 End data with <CR><LF>.<CR><LF>
12:11:14.011 [org.subethamail.smtp.server.Session-/0:0:0:0:0:0:0:1:51947] DEBUG org.subethamail.wiser.Wiser - Delivering mail from admin@example.com to root2@localhost
12:11:14.013 [org.subethamail.smtp.server.Session-/0:0:0:0:0:0:0:1:51947] DEBUG org.subethamail.wiser.Wiser - Creating message from data with 971 bytes
12:11:14.014 [org.subethamail.smtp.server.Session-/0:0:0:0:0:0:0:1:51947] DEBUG org.subethamail.smtp.server.Session - Server: 250 Ok
12:11:14.015 [org.subethamail.smtp.server.Session-/0:0:0:0:0:0:0:1:51947] DEBUG org.subethamail.smtp.server.Session - Client: RSET
12:11:14.015 [org.subethamail.smtp.server.Session-/0:0:0:0:0:0:0:1:51947] DEBUG org.subethamail.smtp.server.Session - Server: 250 Ok
12:11:14.052 [org.subethamail.smtp.server.Session-/0:0:0:0:0:0:0:1:51947] DEBUG org.subethamail.smtp.server.Session - Client: QUIT
12:11:14.052 [org.subethamail.smtp.server.Session-/0:0:0:0:0:0:0:1:51947] DEBUG org.subethamail.smtp.server.Session - Server: 221 Bye
]]></system-out>
  <system-err><![CDATA[Starting ChromeDriver 88.0.4324.96 (68dba2d8a0b149a1d3afac56fa74648032bcf46b-refs/branch-heads/4324@{#1784}) on port 2348
Only local connections are allowed.
Please see https://chromedriver.chromium.org/security-considerations for suggestions on keeping ChromeDriver safe.
ChromeDriver was started successfully.
[1617095466.686][WARNING]: This version of ChromeDriver has not been tested with Chrome version 89.
]]></system-err>
</testsuite>
