<?xml version="1.0" encoding="UTF-8"?>
<testsuite name="ru.stqf.pft.addressbook.tests.ContactCreationTest" tests="3" skipped="0" failures="0" errors="0" timestamp="2021-03-16T14:43:41" hostname="62-000171" time="35.831">
  <properties/>
  <testcase name="testContactCreation[0](ContactData{id=0, name='name 0', lastName='lastName 0'})" classname="ru.stqf.pft.addressbook.tests.ContactCreationTest" time="12.086"/>
  <testcase name="testContactCreation[1](ContactData{id=0, name='name 1', lastName='lastName 1'})" classname="ru.stqf.pft.addressbook.tests.ContactCreationTest" time="11.491"/>
  <testcase name="testContactCreation[2](ContactData{id=0, name='name 2', lastName='lastName 2'})" classname="ru.stqf.pft.addressbook.tests.ContactCreationTest" time="12.254"/>
  <system-out><![CDATA[]]></system-out>
  <system-err><![CDATA[]]></system-err>
</testsuite>
